Traceback (most recent call last):
  File "/Users/umberto/Python-Environments/tfenv2/lib/python3.7/site-packages/jupyter_cache/executors/utils.py", line 56, in single_nb_execution
    record_timing=False,
  File "/Users/umberto/Python-Environments/tfenv2/lib/python3.7/site-packages/nbclient/client.py", line 1082, in execute
    return NotebookClient(nb=nb, resources=resources, km=km, **kwargs).execute()
  File "/Users/umberto/Python-Environments/tfenv2/lib/python3.7/site-packages/nbclient/util.py", line 74, in wrapped
    return just_run(coro(*args, **kwargs))
  File "/Users/umberto/Python-Environments/tfenv2/lib/python3.7/site-packages/nbclient/util.py", line 53, in just_run
    return loop.run_until_complete(coro)
  File "/Library/Frameworks/Python.framework/Versions/3.7/lib/python3.7/asyncio/base_events.py", line 584, in run_until_complete
    return future.result()
  File "/Users/umberto/Python-Environments/tfenv2/lib/python3.7/site-packages/nbclient/client.py", line 536, in async_execute
    cell, index, execution_count=self.code_cells_executed + 1
  File "/Users/umberto/Python-Environments/tfenv2/lib/python3.7/site-packages/nbclient/client.py", line 827, in async_execute_cell
    self._check_raise_for_error(cell, exec_reply)
  File "/Users/umberto/Python-Environments/tfenv2/lib/python3.7/site-packages/nbclient/client.py", line 735, in _check_raise_for_error
    raise CellExecutionError.from_cell_and_msg(cell, exec_reply['content'])
nbclient.exceptions.CellExecutionError: An error occurred while executing the following cell:
------------------
autoencoder, encoder, decoder = create_autoencoders (16)
------------------

[0;31m---------------------------------------------------------------------------[0m
[0;31mAttributeError[0m                            Traceback (most recent call last)
[0;32m<ipython-input-7-7929c50d7b78>[0m in [0;36m<module>[0;34m[0m
[0;32m----> 1[0;31m [0mautoencoder[0m[0;34m,[0m [0mencoder[0m[0;34m,[0m [0mdecoder[0m [0;34m=[0m [0mcreate_autoencoders[0m [0;34m([0m[0;36m16[0m[0;34m)[0m[0;34m[0m[0;34m[0m[0m
[0m
[0;32m<ipython-input-6-c3195d98c5e5>[0m in [0;36mcreate_autoencoders[0;34m(feature_layer_dim)[0m
[1;32m      1[0m [0;32mdef[0m [0mcreate_autoencoders[0m [0;34m([0m[0mfeature_layer_dim[0m [0;34m=[0m [0;36m16[0m[0;34m)[0m[0;34m:[0m[0;34m[0m[0;34m[0m[0m
[0;32m----> 2[0;31m   [0minput_img[0m [0;34m=[0m [0mInput[0m[0;34m([0m[0mshape[0m [0;34m=[0m [0;34m([0m[0;36m784[0m[0;34m,[0m[0;34m)[0m[0;34m,[0m [0mname[0m [0;34m=[0m [0;34m'Input_Layer'[0m[0;34m)[0m[0;34m[0m[0;34m[0m[0m
[0m[1;32m      3[0m   [0mencoded[0m [0;34m=[0m [0mDense[0m[0;34m([0m[0mfeature_layer_dim[0m[0;34m,[0m [0mactivation[0m [0;34m=[0m [0;34m'relu'[0m[0;34m,[0m [0mname[0m [0;34m=[0m [0;34m'Encoded_Features'[0m[0;34m)[0m[0;34m([0m[0minput_img[0m[0;34m)[0m[0;34m[0m[0;34m[0m[0m
[1;32m      4[0m   [0mdecoded[0m [0;34m=[0m [0mDense[0m[0;34m([0m[0;36m784[0m[0;34m,[0m [0mactivation[0m [0;34m=[0m [0;34m'sigmoid'[0m[0;34m,[0m [0mname[0m [0;34m=[0m [0;34m'Decoded_Input'[0m[0;34m)[0m[0;34m([0m[0mencoded[0m[0;34m)[0m[0;34m[0m[0;34m[0m[0m
[1;32m      5[0m [0;34m[0m[0m

[0;32m~/Python-Environments/tfenv2/lib/python3.7/site-packages/keras/engine/input_layer.py[0m in [0;36mInput[0;34m(shape, batch_shape, name, dtype, sparse, tensor)[0m
[1;32m    176[0m                              [0mname[0m[0;34m=[0m[0mname[0m[0;34m,[0m [0mdtype[0m[0;34m=[0m[0mdtype[0m[0;34m,[0m[0;34m[0m[0;34m[0m[0m
[1;32m    177[0m                              [0msparse[0m[0;34m=[0m[0msparse[0m[0;34m,[0m[0;34m[0m[0;34m[0m[0m
[0;32m--> 178[0;31m                              input_tensor=tensor)
[0m[1;32m    179[0m     [0;31m# Return tensor including _keras_shape and _keras_history.[0m[0;34m[0m[0;34m[0m[0;34m[0m[0m
[1;32m    180[0m     [0;31m# Note that in this case train_output and test_output are the same pointer.[0m[0;34m[0m[0;34m[0m[0;34m[0m[0m

[0;32m~/Python-Environments/tfenv2/lib/python3.7/site-packages/keras/legacy/interfaces.py[0m in [0;36mwrapper[0;34m(*args, **kwargs)[0m
[1;32m     89[0m                 warnings.warn('Update your `' + object_name + '` call to the ' +
[1;32m     90[0m                               'Keras 2 API: ' + signature, stacklevel=2)
[0;32m---> 91[0;31m             [0;32mreturn[0m [0mfunc[0m[0;34m([0m[0;34m*[0m[0margs[0m[0;34m,[0m [0;34m**[0m[0mkwargs[0m[0;34m)[0m[0;34m[0m[0;34m[0m[0m
[0m[1;32m     92[0m         [0mwrapper[0m[0;34m.[0m[0m_original_function[0m [0;34m=[0m [0mfunc[0m[0;34m[0m[0;34m[0m[0m
[1;32m     93[0m         [0;32mreturn[0m [0mwrapper[0m[0;34m[0m[0;34m[0m[0m

[0;32m~/Python-Environments/tfenv2/lib/python3.7/site-packages/keras/engine/input_layer.py[0m in [0;36m__init__[0;34m(self, input_shape, batch_size, batch_input_shape, dtype, input_tensor, sparse, name)[0m
[1;32m     85[0m                                          [0mdtype[0m[0;34m=[0m[0mdtype[0m[0;34m,[0m[0;34m[0m[0;34m[0m[0m
[1;32m     86[0m                                          [0msparse[0m[0;34m=[0m[0mself[0m[0;34m.[0m[0msparse[0m[0;34m,[0m[0;34m[0m[0;34m[0m[0m
[0;32m---> 87[0;31m                                          name=self.name)
[0m[1;32m     88[0m         [0;32melse[0m[0;34m:[0m[0;34m[0m[0;34m[0m[0m
[1;32m     89[0m             [0mself[0m[0;34m.[0m[0mis_placeholder[0m [0;34m=[0m [0;32mFalse[0m[0;34m[0m[0;34m[0m[0m

[0;32m~/Python-Environments/tfenv2/lib/python3.7/site-packages/keras/backend/tensorflow_backend.py[0m in [0;36mplaceholder[0;34m(shape, ndim, dtype, sparse, name)[0m
[1;32m    515[0m         [0mx[0m [0;34m=[0m [0mtf[0m[0;34m.[0m[0msparse_placeholder[0m[0;34m([0m[0mdtype[0m[0;34m,[0m [0mshape[0m[0;34m=[0m[0mshape[0m[0;34m,[0m [0mname[0m[0;34m=[0m[0mname[0m[0;34m)[0m[0;34m[0m[0;34m[0m[0m
[1;32m    516[0m     [0;32melse[0m[0;34m:[0m[0;34m[0m[0;34m[0m[0m
[0;32m--> 517[0;31m         [0mx[0m [0;34m=[0m [0mtf[0m[0;34m.[0m[0mplaceholder[0m[0;34m([0m[0mdtype[0m[0;34m,[0m [0mshape[0m[0;34m=[0m[0mshape[0m[0;34m,[0m [0mname[0m[0;34m=[0m[0mname[0m[0;34m)[0m[0;34m[0m[0;34m[0m[0m
[0m[1;32m    518[0m     [0mx[0m[0;34m.[0m[0m_keras_shape[0m [0;34m=[0m [0mshape[0m[0;34m[0m[0;34m[0m[0m
[1;32m    519[0m     [0mx[0m[0;34m.[0m[0m_uses_learning_phase[0m [0;34m=[0m [0;32mFalse[0m[0;34m[0m[0;34m[0m[0m

[0;31mAttributeError[0m: module 'tensorflow' has no attribute 'placeholder'
AttributeError: module 'tensorflow' has no attribute 'placeholder'

